sample.interval=20000
"iddply" "benchmark01" 
"[<-.data.frame" "[<-" "iddply" "benchmark01" 
"iddply" "benchmark01" 
"which" "iddply" "benchmark01" 
"which" "iddply" "benchmark01" 
"iddply" "benchmark01" 
"[<-.data.frame" "[<-" "iddply" "benchmark01" 
"==" "which" "iddply" "benchmark01" 
"sys.call" "match" "%in%" "[<-.data.frame" "[<-" "iddply" "benchmark01" 
"iddply" "benchmark01" 
"[.data.frame" "[" "with" "func" "iddply" "benchmark01" 
"iddply" "benchmark01" 
"iddply" "benchmark01" 
"iddply" "benchmark01" 
"[<-.data.frame" "[<-" "iddply" "benchmark01" 
"[<-.data.frame" "[<-" "iddply" "benchmark01" 
"eval" "with.default" "with" "func" "iddply" "benchmark01" 
"==" "which" "iddply" "benchmark01" 
"[<-.data.frame" "[<-" "iddply" "benchmark01" 
"[<-.data.frame" "[<-" "iddply" "benchmark01" 
"[<-.data.frame" "[<-" "iddply" "benchmark01" 
"==" "[.data.frame" "[" "which" "iddply" "benchmark01" 
"mean.default" "mean" "eval" "eval" "with.default" "with" "func" "iddply" "benchmark01" 
"[<-.data.frame" "[<-" "iddply" "benchmark01" 
"iddply" "benchmark01" 
"[[.data.frame" "[[" "[.data.frame" "[" "with" "func" "iddply" "benchmark01" 
"[<-.data.frame" "[<-" "iddply" "benchmark01" 
"[<-.data.frame" "[<-" "iddply" "benchmark01" 
"iddply" "benchmark01" 
"[.data.frame" "[" "which" "iddply" "benchmark01" 
"[<-.data.frame" "[<-" "iddply" "benchmark01" 
"[.data.frame" "[" "which" "iddply" "benchmark01" 
"[.data.frame" "[" "with" "func" "iddply" "benchmark01" 
"[.data.frame" "[" "with" "func" "iddply" "benchmark01" 
"[.data.frame" "[" "with" "func" "iddply" "benchmark01" 
"[.data.frame" "[" "with" "func" "iddply" "benchmark01" 
"==" "which" "iddply" "benchmark01" 
"==" "which" "iddply" "benchmark01" 
"==" "which" "iddply" "benchmark01" 
"[<-.data.frame" "[<-" "iddply" "benchmark01" 
"[<-.data.frame" "[<-" "iddply" "benchmark01" 
"==" "which" "iddply" "benchmark01" 
"==" "which" "iddply" "benchmark01" 
"[<-.data.frame" "[<-" "iddply" "benchmark01" 
"iddply" "benchmark01" 
"iddply" "benchmark01" 
"names" "[.data.frame" "[" "which" "iddply" "benchmark01" 
"iddply" "benchmark01" 
"[.data.frame" "[" "which" "iddply" "benchmark01" 
"[<-.data.frame" "[<-" "iddply" "benchmark01" 
"==" "which" "iddply" "benchmark01" 
"iddply" "benchmark01" 
"iddply" "benchmark01" 
"is.data.frame" "NROW" "[<-.data.frame" "[<-" "iddply" "benchmark01" 
"[<-.data.frame" "[<-" "iddply" "benchmark01" 
"[<-.data.frame" "[<-" "iddply" "benchmark01" 
"[<-.data.frame" "[<-" "iddply" "benchmark01" 
"[<-.data.frame" "[<-" "iddply" "benchmark01" 
"[<-.data.frame" "[<-" "iddply" "benchmark01" 
"iddply" "benchmark01" 
"match" "%in%" "[[.data.frame" "[[" "[.data.frame" "[" "with" "func" "iddply" "benchmark01" 
"iddply" "benchmark01" 
"sys.call" "match" "%in%" "[[.data.frame" "[[" "[.data.frame" "[" "with" "func" "iddply" "benchmark01" 
"which" "iddply" "benchmark01" 
"[.data.frame" "[" "which" "iddply" "benchmark01" 
"[<-.data.frame" "[<-" "iddply" "benchmark01" 
"[<-.data.frame" "[<-" "iddply" "benchmark01" 
"[<-.data.frame" "[<-" "iddply" "benchmark01" 
"anyDuplicated" "[<-.data.frame" "[<-" "iddply" "benchmark01" 
"[<-.data.frame" "[<-" "iddply" "benchmark01" 
"with" "func" "iddply" "benchmark01" 
"iddply" "benchmark01" 
"[<-.data.frame" "[<-" "iddply" "benchmark01" 
"which" "iddply" "benchmark01" 
"==" "which" "iddply" "benchmark01" 
"which" "iddply" "benchmark01" 
"==" "which" "iddply" "benchmark01" 
"[.data.frame" "[" "with" "func" "iddply" "benchmark01" 
"match" "%in%" "[.data.frame" "[" "with" "func" "iddply" "benchmark01" 
"==" "which" "iddply" "benchmark01" 
"[<-.data.frame" "[<-" "iddply" "benchmark01" 
"==" "which" "iddply" "benchmark01" 
"==" "which" "iddply" "benchmark01" 
"iddply" "benchmark01" 
"iddply" "benchmark01" 
"anyDuplicated" "[.data.frame" "[" "with" "func" "iddply" "benchmark01" 
"[<-" "iddply" "benchmark01" 
"length" "dim.data.frame" "dim" "ncol" "[<-.data.frame" "[<-" "iddply" "benchmark01" 
"[<-.data.frame" "[<-" "iddply" "benchmark01" 
"iddply" "benchmark01" 
"length" "dim.data.frame" "dim" "ncol" "[<-.data.frame" "[<-" "iddply" "benchmark01" 
"[.data.frame" "[" "which" "iddply" "benchmark01" 
"iddply" "benchmark01" 
"which" "iddply" "benchmark01" 
"iddply" "benchmark01" 
"[<-.data.frame" "[<-" "iddply" "benchmark01" 
"[<-.data.frame" "[<-" "iddply" "benchmark01" 
"anyDuplicated" "[<-.data.frame" "[<-" "iddply" "benchmark01" 
"[<-.data.frame" "[<-" "iddply" "benchmark01" 
"[.data.frame" "[" "which" "iddply" "benchmark01" 
"[<-.data.frame" "[<-" "iddply" "benchmark01" 
"iddply" "benchmark01" 
"[<-.data.frame" "[<-" "iddply" "benchmark01" 
"[<-.data.frame" "[<-" "iddply" "benchmark01" 
"[<-.data.frame" "[<-" "iddply" "benchmark01" 
"[<-.data.frame" "[<-" "iddply" "benchmark01" 
"[.data.frame" "[" "with" "func" "iddply" "benchmark01" 
"[<-.data.frame" "[<-" "iddply" "benchmark01" 
"[<-.data.frame" "[<-" "iddply" "benchmark01" 
"[<-.data.frame" "[<-" "iddply" "benchmark01" 
"length" "[.data.frame" "[" "which" "iddply" "benchmark01" 
"[<-.data.frame" "[<-" "iddply" "benchmark01" 
"==" "which" "iddply" "benchmark01" 
"%in%" "[<-.data.frame" "[<-" "iddply" "benchmark01" 
"[<-.data.frame" "[<-" "iddply" "benchmark01" 
"[<-.data.frame" "[<-" "iddply" "benchmark01" 
"[<-.data.frame" "[<-" "iddply" "benchmark01" 
"==" "which" "iddply" "benchmark01" 
"==" "which" "iddply" "benchmark01" 
"==" "which" "iddply" "benchmark01" 
"[<-.data.frame" "[<-" "iddply" "benchmark01" 
"[<-.data.frame" "[<-" "iddply" "benchmark01" 
"[<-.data.frame" "[<-" "iddply" "benchmark01" 
"length" "dim.data.frame" "dim" "ncol" "[<-.data.frame" "[<-" "iddply" "benchmark01" 
"iddply" "benchmark01" 
"which" "iddply" "benchmark01" 
"[<-.data.frame" "[<-" "iddply" "benchmark01" 
"iddply" "benchmark01" 
"[<-.data.frame" "[<-" "iddply" "benchmark01" 
"[<-.data.frame" "[<-" "iddply" "benchmark01" 
"[<-.data.frame" "[<-" "iddply" "benchmark01" 
"[[" "[.data.frame" "[" "with" "func" "iddply" "benchmark01" 
"iddply" "benchmark01" 
"[<-.data.frame" "[<-" "iddply" "benchmark01" 
"[<-.data.frame" "[<-" "iddply" "benchmark01" 
"iddply" "benchmark01" 
"iddply" "benchmark01" 
"iddply" "benchmark01" 
"iddply" "benchmark01" 
"[<-.data.frame" "[<-" "iddply" "benchmark01" 
"names" "[.data.frame" "[" "with" "func" "iddply" "benchmark01" 
"[<-.data.frame" "[<-" "iddply" "benchmark01" 
"iddply" "benchmark01" 
"which" "iddply" "benchmark01" 
"length" "[.data.frame" "[" "with" "func" "iddply" "benchmark01" 
"match" "%in%" "[<-.data.frame" "[<-" "iddply" "benchmark01" 
"iddply" "benchmark01" 
"[<-.data.frame" "[<-" "iddply" "benchmark01" 
"which" "iddply" "benchmark01" 
"[<-.data.frame" "[<-" "iddply" "benchmark01" 
"==" "which" "iddply" "benchmark01" 
"which" "iddply" "benchmark01" 
"==" "which" "iddply" "benchmark01" 
"==" "which" "iddply" "benchmark01" 
"[[" "[.data.frame" "[" "with" "func" "iddply" "benchmark01" 
"[<-.data.frame" "[<-" "iddply" "benchmark01" 
"[<-.data.frame" "[<-" "iddply" "benchmark01" 
"[<-.data.frame" "[<-" "iddply" "benchmark01" 
"sys.call" "match" "%in%" "[[.data.frame" "[[" "[.data.frame" "[" "with" "func" "iddply" "benchmark01" 
"anyDuplicated" "[.data.frame" "[" "with" "func" "iddply" "benchmark01" 
"iddply" "benchmark01" 
"[<-.data.frame" "[<-" "iddply" "benchmark01" 
"[.data.frame" "[" "with" "func" "iddply" "benchmark01" 
"[<-.data.frame" "[<-" "iddply" "benchmark01" 
"[<-.data.frame" "[<-" "iddply" "benchmark01" 
"==" "which" "iddply" "benchmark01" 
"[<-.data.frame" "[<-" "iddply" "benchmark01" 
"[<-.data.frame" "[<-" "iddply" "benchmark01" 
"[.data.frame" "[" "with" "func" "iddply" "benchmark01" 
"[<-.data.frame" "[<-" "iddply" "benchmark01" 
"iddply" "benchmark01" 
"[<-.data.frame" "[<-" "iddply" "benchmark01" 
"[<-.data.frame" "[<-" "iddply" "benchmark01" 
"[<-.data.frame" "[<-" "iddply" "benchmark01" 
"[<-.data.frame" "[<-" "iddply" "benchmark01" 
"[<-.data.frame" "[<-" "iddply" "benchmark01" 
"[<-.data.frame" "[<-" "iddply" "benchmark01" 
"which" "iddply" "benchmark01" 
"[[.data.frame" "[[" "[.data.frame" "[" "with" "func" "iddply" "benchmark01" 
"[[.data.frame" "[[" "[.data.frame" "[" "with" "func" "iddply" "benchmark01" 
"==" "which" "iddply" "benchmark01" 
"==" "which" "iddply" "benchmark01" 
"[[" "[.data.frame" "[" "with" "func" "iddply" "benchmark01" 
"[<-.data.frame" "[<-" "iddply" "benchmark01" 
"==" "which" "iddply" "benchmark01" 
"==" "which" "iddply" "benchmark01" 
"==" "which" "iddply" "benchmark01" 
"iddply" "benchmark01" 
"[.data.frame" "[" "with" "func" "iddply" "benchmark01" 
"length" "dim.data.frame" "dim" "ncol" "[<-.data.frame" "[<-" "iddply" "benchmark01" 
"[.data.frame" "[" "with" "func" "iddply" "benchmark01" 
"anyDuplicated" "[<-.data.frame" "[<-" "iddply" "benchmark01" 
"length" "dim.data.frame" "dim" "ncol" "[<-.data.frame" "[<-" "iddply" "benchmark01" 
"ncol" "[<-.data.frame" "[<-" "iddply" "benchmark01" 
"[<-.data.frame" "[<-" "iddply" "benchmark01" 
"[.data.frame" "[" "with" "func" "iddply" "benchmark01" 
"[<-.data.frame" "[<-" "iddply" "benchmark01" 
"[<-.data.frame" "[<-" "iddply" "benchmark01" 
"iddply" "benchmark01" 
"[<-.data.frame" "[<-" "iddply" "benchmark01" 
"iddply" "benchmark01" 
"[<-.data.frame" "[<-" "iddply" "benchmark01" 
"[[.data.frame" "[[" "[.data.frame" "[" "with" "func" "iddply" "benchmark01" 
"[<-.data.frame" "[<-" "iddply" "benchmark01" 
"anyDuplicated" "[.data.frame" "[" "with" "func" "iddply" "benchmark01" 
"[<-.data.frame" "[<-" "iddply" "benchmark01" 
"[<-.data.frame" "[<-" "iddply" "benchmark01" 
"with" "func" "iddply" "benchmark01" 
"names" "[.data.frame" "[" "which" "iddply" "benchmark01" 
"[.data.frame" "[" "with" "func" "iddply" "benchmark01" 
"iddply" "benchmark01" 
"sys.call" "match" "%in%" "[<-.data.frame" "[<-" "iddply" "benchmark01" 
"[<-.data.frame" "[<-" "iddply" "benchmark01" 
"==" "which" "iddply" "benchmark01" 
"==" "which" "iddply" "benchmark01" 
"[<-.data.frame" "[<-" "iddply" "benchmark01" 
"[.data.frame" "[" "with" "func" "iddply" "benchmark01" 
"==" "which" "iddply" "benchmark01" 
"==" "which" "iddply" "benchmark01" 
"[<-.data.frame" "[<-" "iddply" "benchmark01" 
"[.data.frame" "[" "with" "func" "iddply" "benchmark01" 
"[" "which" "iddply" "benchmark01" 
"[.data.frame" "[" "with" "func" "iddply" "benchmark01" 
"sys.call" "match" "%in%" "[[.data.frame" "[[" "[.data.frame" "[" "with" "func" "iddply" "benchmark01" 
"iddply" "benchmark01" 
"[<-.data.frame" "[<-" "iddply" "benchmark01" 
"[<-.data.frame" "[<-" "iddply" "benchmark01" 
"==" "which" "iddply" "benchmark01" 
"[<-.data.frame" "[<-" "iddply" "benchmark01" 
"[<-.data.frame" "[<-" "iddply" "benchmark01" 
"[<-.data.frame" "[<-" "iddply" "benchmark01" 
"iddply" "benchmark01" 
"[<-.data.frame" "[<-" "iddply" "benchmark01" 
"iddply" "benchmark01" 
"iddply" "benchmark01" 
"anyDuplicated" "[<-.data.frame" "[<-" "iddply" "benchmark01" 
"==" "which" "iddply" "benchmark01" 
"[<-.data.frame" "[<-" "iddply" "benchmark01" 
"[<-.data.frame" "[<-" "iddply" "benchmark01" 
"[<-.data.frame" "[<-" "iddply" "benchmark01" 
"[<-.data.frame" "[<-" "iddply" "benchmark01" 
"[.data.frame" "[" "which" "iddply" "benchmark01" 
"[<-.data.frame" "[<-" "iddply" "benchmark01" 
"dim.data.frame" "dim" "ncol" "[<-.data.frame" "[<-" "iddply" "benchmark01" 
"[<-.data.frame" "[<-" "iddply" "benchmark01" 
"==" "which" "iddply" "benchmark01" 
"[.data.frame" "[" "with" "func" "iddply" "benchmark01" 
"==" "which" "iddply" "benchmark01" 
"[<-.data.frame" "[<-" "iddply" "benchmark01" 
"iddply" "benchmark01" 
"[<-.data.frame" "[<-" "iddply" "benchmark01" 
"[[.data.frame" "[[" "[.data.frame" "[" "with" "func" "iddply" "benchmark01" 
"==" "which" "iddply" "benchmark01" 
"==" "which" "iddply" "benchmark01" 
"==" "which" "iddply" "benchmark01" 
"[<-.data.frame" "[<-" "iddply" "benchmark01" 
"[.data.frame" "[" "which" "iddply" "benchmark01" 
"iddply" "benchmark01" 
"[<-.data.frame" "[<-" "iddply" "benchmark01" 
"==" "which" "iddply" "benchmark01" 
"[.data.frame" "[" "with" "func" "iddply" "benchmark01" 
"[<-.data.frame" "[<-" "iddply" "benchmark01" 
"iddply" "benchmark01" 
"<Anonymous>" "[[.data.frame" "[[" "[.data.frame" "[" "with" "func" "iddply" "benchmark01" 
"[<-.data.frame" "[<-" "iddply" "benchmark01" 
"with" "func" "iddply" "benchmark01" 
"iddply" "benchmark01" 
"[<-.data.frame" "[<-" "iddply" "benchmark01" 
"[<-.data.frame" "[<-" "iddply" "benchmark01" 
"[<-.data.frame" "[<-" "iddply" "benchmark01" 
"[<-.data.frame" "[<-" "iddply" "benchmark01" 
"[<-.data.frame" "[<-" "iddply" "benchmark01" 
"[[.data.frame" "[[" "[.data.frame" "[" "with" "func" "iddply" "benchmark01" 
"iddply" "benchmark01" 
"iddply" "benchmark01" 
"iddply" "benchmark01" 
"iddply" "benchmark01" 
"[<-.data.frame" "[<-" "iddply" "benchmark01" 
"[<-.data.frame" "[<-" "iddply" "benchmark01" 
"[<-.data.frame" "[<-" "iddply" "benchmark01" 
"[<-.data.frame" "[<-" "iddply" "benchmark01" 
"[<-.data.frame" "[<-" "iddply" "benchmark01" 
"[.data.frame" "[" "which" "iddply" "benchmark01" 
"[<-.data.frame" "[<-" "iddply" "benchmark01" 
"func" "iddply" "benchmark01" 
"<Anonymous>" "[[.data.frame" "[[" "[.data.frame" "[" "with" "func" "iddply" "benchmark01" 
"[<-.data.frame" "[<-" "iddply" "benchmark01" 
"sys.call" "match" "%in%" "[.data.frame" "[" "with" "func" "iddply" "benchmark01" 
"[<-.data.frame" "[<-" "iddply" "benchmark01" 
"[<-.data.frame" "[<-" "iddply" "benchmark01" 
"iddply" "benchmark01" 
"==" "which" "iddply" "benchmark01" 
"==" "which" "iddply" "benchmark01" 
"[[.data.frame" "[[" "[.data.frame" "[" "with" "func" "iddply" "benchmark01" 
"==" "which" "iddply" "benchmark01" 
"==" "which" "iddply" "benchmark01" 
"==" "which" "iddply" "benchmark01" 
"iddply" "benchmark01" 
"[.data.frame" "[" "with" "func" "iddply" "benchmark01" 
"[<-.data.frame" "[<-" "iddply" "benchmark01" 
"[.data.frame" "[" "which" "iddply" "benchmark01" 
"==" "which" "iddply" "benchmark01" 
"[.data.frame" "[" "with" "func" "iddply" "benchmark01" 
"[[" "[.data.frame" "[" "with" "func" "iddply" "benchmark01" 
"==" "which" "iddply" "benchmark01" 
"which" "iddply" "benchmark01" 
"%in%" "[.data.frame" "[" "with" "func" "iddply" "benchmark01" 
"iddply" "benchmark01" 
"[<-.data.frame" "[<-" "iddply" "benchmark01" 
"[<-.data.frame" "[<-" "iddply" "benchmark01" 
"Reduce" "iddply" "benchmark01" 
"[<-.data.frame" "[<-" "iddply" "benchmark01" 
"[<-.data.frame" "[<-" "iddply" "benchmark01" 
"[[.data.frame" "[[" "[.data.frame" "[" "with" "func" "iddply" "benchmark01" 
"[.data.frame" "[" "with" "func" "iddply" "benchmark01" 
":" "[<-.data.frame" "[<-" "iddply" "benchmark01" 
"eval" "eval" "with.default" "with" "func" "iddply" "benchmark01" 
"iddply" "benchmark01" 
"mean" "eval" "eval" "with.default" "with" "func" "iddply" "benchmark01" 
"[<-.data.frame" "[<-" "iddply" "benchmark01" 
"[<-.data.frame" "[<-" "iddply" "benchmark01" 
"[<-.data.frame" "[<-" "iddply" "benchmark01" 
"[<-.data.frame" "[<-" "iddply" "benchmark01" 
"which" "iddply" "benchmark01" 
"mean" "eval" "eval" "with.default" "with" "func" "iddply" "benchmark01" 
"match" "%in%" "[[.data.frame" "[[" "[.data.frame" "[" "with" "func" "iddply" "benchmark01" 
"==" "which" "iddply" "benchmark01" 
"[<-.data.frame" "[<-" "iddply" "benchmark01" 
"iddply" "benchmark01" 
"iddply" "benchmark01" 
"iddply" "benchmark01" 
"Reduce" "iddply" "benchmark01" 
"==" "which" "iddply" "benchmark01" 
".row_names_info" "dim.data.frame" "dim" "ncol" "[<-.data.frame" "[<-" "iddply" "benchmark01" 
"length" "dim.data.frame" "dim" "ncol" "[<-.data.frame" "[<-" "iddply" "benchmark01" 
"==" "which" "iddply" "benchmark01" 
"which" "iddply" "benchmark01" 
"[<-.data.frame" "[<-" "iddply" "benchmark01" 
"iddply" "benchmark01" 
"[<-.data.frame" "[<-" "iddply" "benchmark01" 
"[<-.data.frame" "[<-" "iddply" "benchmark01" 
"[<-.data.frame" "[<-" "iddply" "benchmark01" 
"[<-.data.frame" "[<-" "iddply" "benchmark01" 
"[[.data.frame" "[[" "[.data.frame" "[" "with" "func" "iddply" "benchmark01" 
"[<-.data.frame" "[<-" "iddply" "benchmark01" 
"iddply" "benchmark01" 
"anyDuplicated.default" "anyDuplicated" "[<-.data.frame" "[<-" "iddply" "benchmark01" 
"iddply" "benchmark01" 
"[<-.data.frame" "[<-" "iddply" "benchmark01" 
"[<-.data.frame" "[<-" "iddply" "benchmark01" 
"dim" "ncol" "[<-.data.frame" "[<-" "iddply" "benchmark01" 
".row_names_info" "dim.data.frame" "dim" "ncol" "[<-.data.frame" "[<-" "iddply" "benchmark01" 
".row_names_info" "dim.data.frame" "dim" "ncol" "[<-.data.frame" "[<-" "iddply" "benchmark01" 
"[.data.frame" "[" "which" "iddply" "benchmark01" 
"[<-.data.frame" "[<-" "iddply" "benchmark01" 
"[<-.data.frame" "[<-" "iddply" "benchmark01" 
"[<-.data.frame" "[<-" "iddply" "benchmark01" 
"[.data.frame" "[" "with" "func" "iddply" "benchmark01" 
"[.data.frame" "[" "with" "func" "iddply" "benchmark01" 
"iddply" "benchmark01" 
"[<-.data.frame" "[<-" "iddply" "benchmark01" 
"[<-.data.frame" "[<-" "iddply" "benchmark01" 
"[<-.data.frame" "[<-" "iddply" "benchmark01" 
"[[" "[.data.frame" "[" "with" "func" "iddply" "benchmark01" 
"[.data.frame" "[" "which" "iddply" "benchmark01" 
"mean" "eval" "eval" "with.default" "with" "func" "iddply" "benchmark01" 
"[.data.frame" "[" "with" "func" "iddply" "benchmark01" 
"[<-.data.frame" "[<-" "iddply" "benchmark01" 
"[<-.data.frame" "[<-" "iddply" "benchmark01" 
"[<-.data.frame" "[<-" "iddply" "benchmark01" 
"iddply" "benchmark01" 
"which" "iddply" "benchmark01" 
"iddply" "benchmark01" 
"anyDuplicated" "[<-.data.frame" "[<-" "iddply" "benchmark01" 
"[.data.frame" "[" "with" "func" "iddply" "benchmark01" 
"[<-.data.frame" "[<-" "iddply" "benchmark01" 
"==" "which" "iddply" "benchmark01" 
"match" "%in%" "[[.data.frame" "[[" "[.data.frame" "[" "with" "func" "iddply" "benchmark01" 
"<Anonymous>" "[[.data.frame" "[[" "[.data.frame" "[" "with" "func" "iddply" "benchmark01" 
"[[" "[.data.frame" "[" "with" "func" "iddply" "benchmark01" 
"[[.data.frame" "[[" "[.data.frame" "[" "with" "func" "iddply" "benchmark01" 
"prettyNum" "format.default" "format" "format.data.frame" "as.matrix" "print.data.frame" "print" 
"print.default" "print" "print.data.frame" "print" 
"print.default" "print" "print.data.frame" "print" 
"print.default" "print" "print.data.frame" "print" 
"print.default" "print" "print.data.frame" "print" 
"print.default" "print" "print.data.frame" "print" 
"print.default" "print" "print.data.frame" "print" 
"print.default" "print" "print.data.frame" "print" 
"print.default" "print" "print.data.frame" "print" 
"print.default" "print" "print.data.frame" "print" 
"print.default" "print" "print.data.frame" "print" 
"print.default" "print" "print.data.frame" "print" 
"print.default" "print" "print.data.frame" "print" 
"print.default" "print" "print.data.frame" "print" 
"print.default" "print" "print.data.frame" "print" 
